Using pre-set license
Built from '2021.3/staging' branch; Version is '2021.3.4f1 (cb45f9cae8b7) revision 13321721'; Using compiler version '192829333'; Build Type 'Release'
OS: 'Windows 10  (10.0.19044) 64bit Professional' Language: 'en' Physical Memory: 16342 MB
BatchMode: 1, IsHumanControllingUs: 0, StartBugReporterOnCrash: 0, Is64bit: 1, IsPro: 1

COMMAND LINE ARGUMENTS:
C:\Program Files\Unity\Hub\Editor\2021.3.4f1\Editor\Unity.exe
-adb2
-batchMode
-noUpm
-name
AssetImportWorker3
-projectPath
C:/Users/TONY/Documents/GitHub/University-Simulator/University Simulator
-logFile
Logs/AssetImportWorker3.log
-srvPort
57024
Successfully changed project path to: C:/Users/TONY/Documents/GitHub/University-Simulator/University Simulator
C:/Users/TONY/Documents/GitHub/University-Simulator/University Simulator
[UnityMemory] Configuration Parameters - Can be set up in boot.config
    "memorysetup-bucket-allocator-granularity=16"
    "memorysetup-bucket-allocator-bucket-count=8"
    "memorysetup-bucket-allocator-block-size=33554432"
    "memorysetup-bucket-allocator-block-count=8"
    "memorysetup-main-allocator-block-size=16777216"
    "memorysetup-thread-allocator-block-size=16777216"
    "memorysetup-gfx-main-allocator-block-size=16777216"
    "memorysetup-gfx-thread-allocator-block-size=16777216"
    "memorysetup-cache-allocator-block-size=4194304"
    "memorysetup-typetree-allocator-block-size=2097152"
    "memorysetup-profiler-bucket-allocator-granularity=16"
    "memorysetup-profiler-bucket-allocator-bucket-count=8"
    "memorysetup-profiler-bucket-allocator-block-size=33554432"
    "memorysetup-profiler-bucket-allocator-block-count=8"
    "memorysetup-profiler-allocator-block-size=16777216"
    "memorysetup-profiler-editor-allocator-block-size=1048576"
    "memorysetup-temp-allocator-size-main=16777216"
    "memorysetup-job-temp-allocator-block-size=2097152"
    "memorysetup-job-temp-allocator-block-size-background=1048576"
    "memorysetup-job-temp-allocator-reduction-small-platforms=262144"
    "memorysetup-temp-allocator-size-background-worker=32768"
    "memorysetup-temp-allocator-size-job-worker=262144"
    "memorysetup-temp-allocator-size-preload-manager=33554432"
    "memorysetup-temp-allocator-size-nav-mesh-worker=65536"
    "memorysetup-temp-allocator-size-audio-worker=65536"
    "memorysetup-temp-allocator-size-cloud-worker=32768"
    "memorysetup-temp-allocator-size-gi-baking-worker=262144"
    "memorysetup-temp-allocator-size-gfx=262144"
Refreshing native plugins compatible for Editor in 139.92 ms, found 3 plugins.
Preloading 0 native plugins for Editor in 0.00 ms.
Initialize engine version: 2021.3.4f1 (cb45f9cae8b7)
[Subsystems] Discovering subsystems at path C:/Program Files/Unity/Hub/Editor/2021.3.4f1/Editor/Data/Resources/UnitySubsystems
[Subsystems] Discovering subsystems at path C:/Users/TONY/Documents/GitHub/University-Simulator/University Simulator/Assets
GfxDevice: creating device client; threaded=0; jobified=0
Direct3D:
    Version:  Direct3D 11.0 [level 11.0]
    Renderer: NVIDIA GeForce GT 740 (ID=0xfc8)
    Vendor:   NVIDIA
    VRAM:     984 MB
    Driver:   30.0.14.7347
Initialize mono
Mono path[0] = 'C:/Program Files/Unity/Hub/Editor/2021.3.4f1/Editor/Data/Managed'
Mono path[1] = 'C:/Program Files/Unity/Hub/Editor/2021.3.4f1/Editor/Data/MonoBleedingEdge/lib/mono/unityjit-win32'
Mono config path = 'C:/Program Files/Unity/Hub/Editor/2021.3.4f1/Editor/Data/MonoBleedingEdge/etc'
Using monoOptions --debugger-agent=transport=dt_socket,embedding=1,server=y,suspend=n,address=127.0.0.1:56268
Begin MonoManager ReloadAssembly
Registering precompiled unity dll's ...
Register platform support module: C:/Program Files/Unity/Hub/Editor/2021.3.4f1/Editor/Data/PlaybackEngines/WindowsStandaloneSupport/UnityEditor.WindowsStandalone.Extensions.dll
Register platform support module: C:/Program Files/Unity/Hub/Editor/2021.3.4f1/Editor/Data/PlaybackEngines/MetroSupport/UnityEditor.UWP.Extensions.dll
Registered in 0.022801 seconds.
Native extension for UWP target not found
Native extension for WindowsStandalone target not found
Refreshing native plugins compatible for Editor in 75.49 ms, found 3 plugins.
Preloading 0 native plugins for Editor in 0.00 ms.
Mono: successfully reloaded assembly
- Completed reload, in  1.033 seconds
Domain Reload Profiling:
	ReloadAssembly (1034ms)
		BeginReloadAssembly (127ms)
			ExecutionOrderSort (0ms)
			DisableScriptedObjects (0ms)
			BackupInstance (0ms)
			ReleaseScriptingObjects (0ms)
			CreateAndSetChildDomain (1ms)
		EndReloadAssembly (699ms)
			LoadAssemblies (123ms)
			RebuildTransferFunctionScriptingTraits (0ms)
			SetupTypeCache (173ms)
			ReleaseScriptCaches (0ms)
			RebuildScriptCaches (40ms)
			SetupLoadedEditorAssemblies (402ms)
				LogAssemblyErrors (0ms)
				InitializePlatformSupportModulesInManaged (17ms)
				SetLoadedEditorAssemblies (0ms)
				RefreshPlugins (76ms)
				BeforeProcessingInitializeOnLoad (2ms)
				ProcessInitializeOnLoadAttributes (236ms)
				ProcessInitializeOnLoadMethodAttributes (70ms)
				AfterProcessingInitializeOnLoad (0ms)
				EditorAssembliesLoaded (0ms)
			ExecutionOrderSort2 (0ms)
			AwakeInstancesAfterBackupRestoration (0ms)
Platform modules already initialized, skipping
Registering precompiled user dll's ...
Registered in 0.010753 seconds.
Begin MonoManager ReloadAssembly
Native extension for UWP target not found
Native extension for WindowsStandalone target not found
Refreshing native plugins compatible for Editor in 78.80 ms, found 3 plugins.
Preloading 0 native plugins for Editor in 0.00 ms.
Mono: successfully reloaded assembly
- Completed reload, in  4.679 seconds
Domain Reload Profiling:
	ReloadAssembly (4680ms)
		BeginReloadAssembly (178ms)
			ExecutionOrderSort (0ms)
			DisableScriptedObjects (8ms)
			BackupInstance (0ms)
			ReleaseScriptingObjects (0ms)
			CreateAndSetChildDomain (29ms)
		EndReloadAssembly (4298ms)
			LoadAssemblies (132ms)
			RebuildTransferFunctionScriptingTraits (0ms)
			SetupTypeCache (300ms)
			ReleaseScriptCaches (1ms)
			RebuildScriptCaches (71ms)
			SetupLoadedEditorAssemblies (3731ms)
				LogAssemblyErrors (0ms)
				InitializePlatformSupportModulesInManaged (14ms)
				SetLoadedEditorAssemblies (0ms)
				RefreshPlugins (79ms)
				BeforeProcessingInitializeOnLoad (121ms)
				ProcessInitializeOnLoadAttributes (3430ms)
				ProcessInitializeOnLoadMethodAttributes (67ms)
				AfterProcessingInitializeOnLoad (19ms)
				EditorAssembliesLoaded (0ms)
			ExecutionOrderSort2 (0ms)
			AwakeInstancesAfterBackupRestoration (9ms)
Platform modules already initialized, skipping
========================================================================
Worker process is ready to serve import requests
Launched and connected shader compiler UnityShaderCompiler.exe after 0.15 seconds
Refreshing native plugins compatible for Editor in 0.87 ms, found 3 plugins.
Preloading 0 native plugins for Editor in 0.00 ms.
Unloading 2497 Unused Serialized files (Serialized files now loaded: 0)
Unloading 33 unused Assets / (55.7 KB). Loaded Objects now: 2959.
Memory consumption went from 114.2 MB to 114.1 MB.
Total: 4.862700 ms (FindLiveObjects: 0.296400 ms CreateObjectMapping: 0.114100 ms MarkObjects: 4.338000 ms  DeleteObjects: 0.112300 ms)

AssetImportParameters requested are different than current active one (requested -> active):
  custom:video-decoder-ogg-theora: a1e56fd34408186e4bbccfd4996cb3dc -> 
  custom:container-muxer-webm: aa71ff27fc2769a1b78a27578f13a17b -> 
  custom:container-demuxer-webm: 4f35f7cbe854078d1ac9338744f61a02 -> 
  custom:video-encoder-webm-vp8: eb34c28f22e8b96e1ab97ce403110664 -> 
  custom:audio-encoder-webm-vorbis: bf7c407c2cedff20999df2af8eb42d56 -> 
  custom:framework-win-MediaFoundation: 216162199b28c13a410421893ffa2e32 -> 
  custom:container-demuxer-ogg: 62fdf1f143b41e24485cea50d1cbac27 -> 
  custom:video-decoder-webm-vp8: 9c59270c3fd7afecdb556c50c9e8de78 -> 
  custom:audio-decoder-ogg-vorbis: bf7c407c2cedff20999df2af8eb42d56 -> 
========================================================================
Received Import Request.
  Time since last request: 952.226288 seconds.
  path: Assets/Interior/3D Walls
  artifactKey: Guid(e6870edb7a447c54b854c208910762a3) Importer(815301076,1909f56bfc062723c751e8b465ee728b)
Start importing Assets/Interior/3D Walls using Guid(e6870edb7a447c54b854c208910762a3) Importer(815301076,1909f56bfc062723c751e8b465ee728b)  -> (artifact id: '5a3936b731e10031ceba8be4e2253927') in 0.029646 seconds 
========================================================================
Received Import Request.
  Time since last request: 0.014941 seconds.
  path: Assets/Interior/3D Walls/Room_Builder_3d_walls_16x16.png
  artifactKey: Guid(67bfb321414940c40933ca8658b1c4da) Importer(815301076,1909f56bfc062723c751e8b465ee728b)
Start importing Assets/Interior/3D Walls/Room_Builder_3d_walls_16x16.png using Guid(67bfb321414940c40933ca8658b1c4da) Importer(815301076,1909f56bfc062723c751e8b465ee728b)  -> (artifact id: '091486e7e6483e20bd53c9dfd69b9990') in 0.317699 seconds 
========================================================================
Received Import Request.
  Time since last request: 700.967701 seconds.
  path: Assets/Interior/Specific Interior/5_Classroom_and_library_16x16.png
  artifactKey: Guid(d575f6cefba839d4a979daae1a58a6ae) Importer(815301076,1909f56bfc062723c751e8b465ee728b)
Start importing Assets/Interior/Specific Interior/5_Classroom_and_library_16x16.png using Guid(d575f6cefba839d4a979daae1a58a6ae) Importer(815301076,1909f56bfc062723c751e8b465ee728b)  -> (artifact id: 'bec7dd01a7e70926a61d2bf9f549fd05') in 0.131496 seconds 
========================================================================
Received Import Request.
  Time since last request: 0.000026 seconds.
  path: Assets/Interior/Specific Interior/Music_and_Sport_Singles_198.png
  artifactKey: Guid(e424560001b9ce64a97d2df908da922e) Importer(815301076,1909f56bfc062723c751e8b465ee728b)
Start importing Assets/Interior/Specific Interior/Music_and_Sport_Singles_198.png using Guid(e424560001b9ce64a97d2df908da922e) Importer(815301076,1909f56bfc062723c751e8b465ee728b)  -> (artifact id: 'b9b5107821b4a4d319ef47543dddab85') in 0.044975 seconds 
========================================================================
Received Import Request.
  Time since last request: 0.000032 seconds.
  path: Assets/Interior/Specific Interior/Classroom_and_Library_Singles_51.png
  artifactKey: Guid(f81fa91bbee09024095443cb757f8670) Importer(815301076,1909f56bfc062723c751e8b465ee728b)
Start importing Assets/Interior/Specific Interior/Classroom_and_Library_Singles_51.png using Guid(f81fa91bbee09024095443cb757f8670) Importer(815301076,1909f56bfc062723c751e8b465ee728b)  -> (artifact id: 'bca4ffaf1701fad3512e13b3e8a1ea86') in 0.067192 seconds 
========================================================================
Received Import Request.
  Time since last request: 35.195645 seconds.
  path: Assets/Interior/Specific Interior/Gym/Gym_Singles_162.png
  artifactKey: Guid(7732b7a65161d2e4da175677f76a44ef) Importer(815301076,1909f56bfc062723c751e8b465ee728b)
Start importing Assets/Interior/Specific Interior/Gym/Gym_Singles_162.png using Guid(7732b7a65161d2e4da175677f76a44ef) Importer(815301076,1909f56bfc062723c751e8b465ee728b)  -> (artifact id: '1d5b67739bcd0ba7b0392fab5c4a68ed') in 0.038368 seconds 
========================================================================
Received Import Request.
  Time since last request: 0.000040 seconds.
  path: Assets/Interior/Specific Interior/Gym/Gym_Singles_183.png
  artifactKey: Guid(e93994e2aec218849a12c2d0868b6ec9) Importer(815301076,1909f56bfc062723c751e8b465ee728b)
Start importing Assets/Interior/Specific Interior/Gym/Gym_Singles_183.png using Guid(e93994e2aec218849a12c2d0868b6ec9) Importer(815301076,1909f56bfc062723c751e8b465ee728b)  -> (artifact id: 'ac4f2e0679f6f73eaa193599d5cd47af') in 0.060220 seconds 
========================================================================
Received Import Request.
  Time since last request: 0.000032 seconds.
  path: Assets/Interior/Specific Interior/Gym/Gym_Singles_181.png
  artifactKey: Guid(48f1496a152d0cc4cab88f0c4b403feb) Importer(815301076,1909f56bfc062723c751e8b465ee728b)
Start importing Assets/Interior/Specific Interior/Gym/Gym_Singles_181.png using Guid(48f1496a152d0cc4cab88f0c4b403feb) Importer(815301076,1909f56bfc062723c751e8b465ee728b)  -> (artifact id: '6c2811ebb67cf8bf214d771fd88b53a3') in 0.027671 seconds 
========================================================================
Received Import Request.
  Time since last request: 0.000042 seconds.
  path: Assets/Interior/Specific Interior/Gym/Gym_Singles_175.png
  artifactKey: Guid(572f6b696eb629d46a2271c6988c42ca) Importer(815301076,1909f56bfc062723c751e8b465ee728b)
Start importing Assets/Interior/Specific Interior/Gym/Gym_Singles_175.png using Guid(572f6b696eb629d46a2271c6988c42ca) Importer(815301076,1909f56bfc062723c751e8b465ee728b)  -> (artifact id: '453808f7e22823561bf2b509adce1340') in 0.031717 seconds 
========================================================================
Received Import Request.
  Time since last request: 0.000035 seconds.
  path: Assets/Interior/Specific Interior/Gym/Gym_Singles_167.png
  artifactKey: Guid(826b2bfab4fb9ea4eb6e450f8ecd2032) Importer(815301076,1909f56bfc062723c751e8b465ee728b)
Start importing Assets/Interior/Specific Interior/Gym/Gym_Singles_167.png using Guid(826b2bfab4fb9ea4eb6e450f8ecd2032) Importer(815301076,1909f56bfc062723c751e8b465ee728b)  -> (artifact id: 'b9cc254c69035823e1c90337a805c83d') in 0.024762 seconds 
========================================================================
Received Import Request.
  Time since last request: 0.000023 seconds.
  path: Assets/Interior/Specific Interior/Gym/Gym_Singles_202.png
  artifactKey: Guid(5ad6ae6e5835af541b0e0c3042c22375) Importer(815301076,1909f56bfc062723c751e8b465ee728b)
Start importing Assets/Interior/Specific Interior/Gym/Gym_Singles_202.png using Guid(5ad6ae6e5835af541b0e0c3042c22375) Importer(815301076,1909f56bfc062723c751e8b465ee728b)  -> (artifact id: '8d70c45913a222db8c0775d3f3eb95d3') in 0.031064 seconds 
========================================================================
Received Import Request.
  Time since last request: 0.000031 seconds.
  path: Assets/Interior/Specific Interior/Gym/Gym_Singles_208.png
  artifactKey: Guid(8a7f5e7d34dd6a04db293d25630d5d2c) Importer(815301076,1909f56bfc062723c751e8b465ee728b)
Start importing Assets/Interior/Specific Interior/Gym/Gym_Singles_208.png using Guid(8a7f5e7d34dd6a04db293d25630d5d2c) Importer(815301076,1909f56bfc062723c751e8b465ee728b)  -> (artifact id: '62cc4193d566f5424ac1e53ff4545a53') in 0.027109 seconds 
========================================================================
Received Import Request.
  Time since last request: 0.000042 seconds.
  path: Assets/Interior/Specific Interior/Gym/Gym_Singles_190.png
  artifactKey: Guid(f294b806e1fe3a04bbfb378b756058a5) Importer(815301076,1909f56bfc062723c751e8b465ee728b)
Start importing Assets/Interior/Specific Interior/Gym/Gym_Singles_190.png using Guid(f294b806e1fe3a04bbfb378b756058a5) Importer(815301076,1909f56bfc062723c751e8b465ee728b)  -> (artifact id: '087289cfb610c920ee04ccf15f998d69') in 0.058385 seconds 
========================================================================
Received Import Request.
  Time since last request: 0.000029 seconds.
  path: Assets/Interior/Specific Interior/Gym/Gym_Singles_171.png
  artifactKey: Guid(39069bd11fa50214d97f0e1ab6055cf1) Importer(815301076,1909f56bfc062723c751e8b465ee728b)
Start importing Assets/Interior/Specific Interior/Gym/Gym_Singles_171.png using Guid(39069bd11fa50214d97f0e1ab6055cf1) Importer(815301076,1909f56bfc062723c751e8b465ee728b)  -> (artifact id: '1cca55708a6b13ea0e1752b37998c70e') in 0.030837 seconds 
========================================================================
Received Import Request.
  Time since last request: 0.000040 seconds.
  path: Assets/Interior/Specific Interior/Gym/Gym_Singles_172.png
  artifactKey: Guid(50150511afba6784b9c186487a1b09d7) Importer(815301076,1909f56bfc062723c751e8b465ee728b)
Start importing Assets/Interior/Specific Interior/Gym/Gym_Singles_172.png using Guid(50150511afba6784b9c186487a1b09d7) Importer(815301076,1909f56bfc062723c751e8b465ee728b)  -> (artifact id: '86b93a084099eb4f5021eb0ceb3c81bc') in 0.023537 seconds 
========================================================================
Received Import Request.
  Time since last request: 0.000045 seconds.
  path: Assets/Interior/Specific Interior/Gym/Gym_Singles_200.png
  artifactKey: Guid(0d1d02e1d9f097c4d9c9516a41ea6bf0) Importer(815301076,1909f56bfc062723c751e8b465ee728b)
Start importing Assets/Interior/Specific Interior/Gym/Gym_Singles_200.png using Guid(0d1d02e1d9f097c4d9c9516a41ea6bf0) Importer(815301076,1909f56bfc062723c751e8b465ee728b)  -> (artifact id: '07c980557a58b8e54dc7455bd5514c75') in 0.020781 seconds 
========================================================================
Received Import Request.
  Time since last request: 0.000042 seconds.
  path: Assets/Interior/Specific Interior/Gym/Gym_Singles_191.png
  artifactKey: Guid(e757767db9f792842abee011c7eb25b8) Importer(815301076,1909f56bfc062723c751e8b465ee728b)
Start importing Assets/Interior/Specific Interior/Gym/Gym_Singles_191.png using Guid(e757767db9f792842abee011c7eb25b8) Importer(815301076,1909f56bfc062723c751e8b465ee728b)  -> (artifact id: '877af80219e77ce9779f71ef0760746b') in 0.025133 seconds 
========================================================================
Received Import Request.
  Time since last request: 0.000031 seconds.
  path: Assets/Interior/Specific Interior/Gym/Gym_Singles_166.png
  artifactKey: Guid(eff713ac4614be740aeab809800ad121) Importer(815301076,1909f56bfc062723c751e8b465ee728b)
Start importing Assets/Interior/Specific Interior/Gym/Gym_Singles_166.png using Guid(eff713ac4614be740aeab809800ad121) Importer(815301076,1909f56bfc062723c751e8b465ee728b)  -> (artifact id: 'f6d5a28993f059d48f56dfc5247a0a53') in 0.021893 seconds 
========================================================================
Received Import Request.
  Time since last request: 0.000026 seconds.
  path: Assets/Interior/Specific Interior/Gym/Gym_Singles_185.png
  artifactKey: Guid(f48a109a47745264d9a3e3c3cd633f1e) Importer(815301076,1909f56bfc062723c751e8b465ee728b)
Start importing Assets/Interior/Specific Interior/Gym/Gym_Singles_185.png using Guid(f48a109a47745264d9a3e3c3cd633f1e) Importer(815301076,1909f56bfc062723c751e8b465ee728b)  -> (artifact id: '6bdd82509bf2e5862db523411a7fcb9e') in 0.042032 seconds 
========================================================================
Received Import Request.
  Time since last request: 0.000025 seconds.
  path: Assets/Interior/Specific Interior/Gym/Gym_Singles_165.png
  artifactKey: Guid(2c92167a13b76d64fbff0e5ad89eae77) Importer(815301076,1909f56bfc062723c751e8b465ee728b)
Start importing Assets/Interior/Specific Interior/Gym/Gym_Singles_165.png using Guid(2c92167a13b76d64fbff0e5ad89eae77) Importer(815301076,1909f56bfc062723c751e8b465ee728b)  -> (artifact id: '3659bcdff8916e8d6399ca249aa9cb91') in 0.039721 seconds 
========================================================================
Received Import Request.
  Time since last request: 0.000041 seconds.
  path: Assets/Interior/Specific Interior/Gym/Gym_Singles_201.png
  artifactKey: Guid(fd65a8989587b9045a3bc0e0a5b0c8e7) Importer(815301076,1909f56bfc062723c751e8b465ee728b)
Start importing Assets/Interior/Specific Interior/Gym/Gym_Singles_201.png using Guid(fd65a8989587b9045a3bc0e0a5b0c8e7) Importer(815301076,1909f56bfc062723c751e8b465ee728b)  -> (artifact id: 'a39a98a3185f4a78ac2b4441a07bcc8c') in 0.022956 seconds 
========================================================================
Received Import Request.
  Time since last request: 0.000039 seconds.
  path: Assets/Interior/Specific Interior/Gym/Gym_Singles_176.png
  artifactKey: Guid(eaaa48b08c5d5854b8e1eb2f469be6fc) Importer(815301076,1909f56bfc062723c751e8b465ee728b)
Start importing Assets/Interior/Specific Interior/Gym/Gym_Singles_176.png using Guid(eaaa48b08c5d5854b8e1eb2f469be6fc) Importer(815301076,1909f56bfc062723c751e8b465ee728b)  -> (artifact id: '72a61e3e9bbf7d698ed7d7fcb5266c1d') in 0.027571 seconds 
========================================================================
Received Import Request.
  Time since last request: 0.000037 seconds.
  path: Assets/Interior/Specific Interior/Gym/Gym_Singles_186.png
  artifactKey: Guid(e932293a1cc401941962f304464a84d5) Importer(815301076,1909f56bfc062723c751e8b465ee728b)
Start importing Assets/Interior/Specific Interior/Gym/Gym_Singles_186.png using Guid(e932293a1cc401941962f304464a84d5) Importer(815301076,1909f56bfc062723c751e8b465ee728b)  -> (artifact id: '39fdedbba5fb871ea8b62fc08d2e5dce') in 0.027964 seconds 
========================================================================
Received Import Request.
  Time since last request: 0.000045 seconds.
  path: Assets/Interior/Specific Interior/Gym/Gym_Singles_170.png
  artifactKey: Guid(d1ee977e3cd2a7f44b4170c93d2dafa2) Importer(815301076,1909f56bfc062723c751e8b465ee728b)
Start importing Assets/Interior/Specific Interior/Gym/Gym_Singles_170.png using Guid(d1ee977e3cd2a7f44b4170c93d2dafa2) Importer(815301076,1909f56bfc062723c751e8b465ee728b)  -> (artifact id: '2a661d529856b920196ff1a0c8b448fa') in 0.023785 seconds 
========================================================================
Received Import Request.
  Time since last request: 0.000028 seconds.
  path: Assets/Interior/Specific Interior/Gym/Gym_Singles_180.png
  artifactKey: Guid(02188e40445236c43b18623c6b948274) Importer(815301076,1909f56bfc062723c751e8b465ee728b)
Start importing Assets/Interior/Specific Interior/Gym/Gym_Singles_180.png using Guid(02188e40445236c43b18623c6b948274) Importer(815301076,1909f56bfc062723c751e8b465ee728b)  -> (artifact id: '226c4b7e7e285a9774496247f77afb32') in 0.024823 seconds 
========================================================================
Received Import Request.
  Time since last request: 0.000030 seconds.
  path: Assets/Interior/Specific Interior/Gym/Gym_Singles_196.png
  artifactKey: Guid(2b3202fcca94a984cafc05191c3f4fd2) Importer(815301076,1909f56bfc062723c751e8b465ee728b)
Start importing Assets/Interior/Specific Interior/Gym/Gym_Singles_196.png using Guid(2b3202fcca94a984cafc05191c3f4fd2) Importer(815301076,1909f56bfc062723c751e8b465ee728b)  -> (artifact id: '8e3c21f010476127329143fb301cb971') in 0.022639 seconds 
========================================================================
Received Import Request.
  Time since last request: 0.000030 seconds.
  path: Assets/Interior/Specific Interior/Gym/Gym_Singles_209.png
  artifactKey: Guid(757224a4bb5c9394cb705651a50bc145) Importer(815301076,1909f56bfc062723c751e8b465ee728b)
Start importing Assets/Interior/Specific Interior/Gym/Gym_Singles_209.png using Guid(757224a4bb5c9394cb705651a50bc145) Importer(815301076,1909f56bfc062723c751e8b465ee728b)  -> (artifact id: '46358e6ca86790ebb1bcc40e527a2dd1') in 0.026793 seconds 
========================================================================
Received Import Request.
  Time since last request: 0.000030 seconds.
  path: Assets/Interior/Specific Interior/Gym/Gym_Singles_179.png
  artifactKey: Guid(1be73e73ed7e0bc4e970d9672d6e3436) Importer(815301076,1909f56bfc062723c751e8b465ee728b)
Start importing Assets/Interior/Specific Interior/Gym/Gym_Singles_179.png using Guid(1be73e73ed7e0bc4e970d9672d6e3436) Importer(815301076,1909f56bfc062723c751e8b465ee728b)  -> (artifact id: 'ee5792a8a8690f8aeb41cfb7b4240812') in 0.032876 seconds 
========================================================================
Received Import Request.
  Time since last request: 0.000030 seconds.
  path: Assets/Interior/Specific Interior/Gym/Gym_Singles_197.png
  artifactKey: Guid(7623dc79a4691814eb99c087e407ad05) Importer(815301076,1909f56bfc062723c751e8b465ee728b)
Start importing Assets/Interior/Specific Interior/Gym/Gym_Singles_197.png using Guid(7623dc79a4691814eb99c087e407ad05) Importer(815301076,1909f56bfc062723c751e8b465ee728b)  -> (artifact id: '5b3420f1c50af85bb94038cd946e231a') in 0.019647 seconds 
========================================================================
Received Import Request.
  Time since last request: 0.000042 seconds.
  path: Assets/Interior/Specific Interior/Gym/Gym_Singles_203.png
  artifactKey: Guid(fc906de96de6414419bb375b2b491212) Importer(815301076,1909f56bfc062723c751e8b465ee728b)
Start importing Assets/Interior/Specific Interior/Gym/Gym_Singles_203.png using Guid(fc906de96de6414419bb375b2b491212) Importer(815301076,1909f56bfc062723c751e8b465ee728b)  -> (artifact id: 'f275cb02fe789865f7e50a4747c4030c') in 0.023713 seconds 
========================================================================
Received Import Request.
  Time since last request: 0.000048 seconds.
  path: Assets/Interior/Specific Interior/Gym/Gym_Singles_184.png
  artifactKey: Guid(94fb6f78375db0c47b4991e35cf17738) Importer(815301076,1909f56bfc062723c751e8b465ee728b)
Start importing Assets/Interior/Specific Interior/Gym/Gym_Singles_184.png using Guid(94fb6f78375db0c47b4991e35cf17738) Importer(815301076,1909f56bfc062723c751e8b465ee728b)  -> (artifact id: '5087a8a338ac71e8e0dfced1ecf92892') in 0.022519 seconds 
========================================================================
Received Import Request.
  Time since last request: 18.258572 seconds.
  path: Assets/Interior/Specific Interior/Gym/Gym_Singles_146.png
  artifactKey: Guid(ef1a90fb8e7b16f40b853debea727bc7) Importer(815301076,1909f56bfc062723c751e8b465ee728b)
Start importing Assets/Interior/Specific Interior/Gym/Gym_Singles_146.png using Guid(ef1a90fb8e7b16f40b853debea727bc7) Importer(815301076,1909f56bfc062723c751e8b465ee728b)  -> (artifact id: '60491470f061d3e4a039059f2a6dfd56') in 0.031023 seconds 
========================================================================
Received Import Request.
  Time since last request: 0.000043 seconds.
  path: Assets/Interior/Specific Interior/Gym/Gym_Singles_155.png
  artifactKey: Guid(9dfd6ecf213461b45b5b3a8438a9175a) Importer(815301076,1909f56bfc062723c751e8b465ee728b)
Start importing Assets/Interior/Specific Interior/Gym/Gym_Singles_155.png using Guid(9dfd6ecf213461b45b5b3a8438a9175a) Importer(815301076,1909f56bfc062723c751e8b465ee728b)  -> (artifact id: 'cd5b8ca1e007adae3b50b2a304f115d3') in 0.021641 seconds 
========================================================================
Received Import Request.
  Time since last request: 0.000023 seconds.
  path: Assets/Interior/Specific Interior/Gym/Gym_Singles_114.png
  artifactKey: Guid(f4a84045836e9424aaa331760b764082) Importer(815301076,1909f56bfc062723c751e8b465ee728b)
Start importing Assets/Interior/Specific Interior/Gym/Gym_Singles_114.png using Guid(f4a84045836e9424aaa331760b764082) Importer(815301076,1909f56bfc062723c751e8b465ee728b)  -> (artifact id: 'c8fb047c164a7d6753aa11e967b1db52') in 0.039895 seconds 
========================================================================
Received Import Request.
  Time since last request: 0.000029 seconds.
  path: Assets/Interior/Specific Interior/Gym/Gym_Singles_82.png
  artifactKey: Guid(462a88e214d9aef40b16b8970c38fa9b) Importer(815301076,1909f56bfc062723c751e8b465ee728b)
Start importing Assets/Interior/Specific Interior/Gym/Gym_Singles_82.png using Guid(462a88e214d9aef40b16b8970c38fa9b) Importer(815301076,1909f56bfc062723c751e8b465ee728b)  -> (artifact id: '2a725a5e97228aea918151fc82b44587') in 0.019515 seconds 
========================================================================
Received Import Request.
  Time since last request: 0.000044 seconds.
  path: Assets/Interior/Specific Interior/Gym/Gym_Singles_115.png
  artifactKey: Guid(33c1f234ff80a1945a26285753b05d11) Importer(815301076,1909f56bfc062723c751e8b465ee728b)
Start importing Assets/Interior/Specific Interior/Gym/Gym_Singles_115.png using Guid(33c1f234ff80a1945a26285753b05d11) Importer(815301076,1909f56bfc062723c751e8b465ee728b)  -> (artifact id: '288a620700f20f4edce79215dc1c1fde') in 0.020397 seconds 
========================================================================
Received Import Request.
  Time since last request: 0.000028 seconds.
  path: Assets/Interior/Specific Interior/Gym/Gym_Singles_144.png
  artifactKey: Guid(cef62cd06f83f954d9cb905f2eb0e4fa) Importer(815301076,1909f56bfc062723c751e8b465ee728b)
Start importing Assets/Interior/Specific Interior/Gym/Gym_Singles_144.png using Guid(cef62cd06f83f954d9cb905f2eb0e4fa) Importer(815301076,1909f56bfc062723c751e8b465ee728b)  -> (artifact id: '94e49db8a154cac63a922daec4a21565') in 0.024031 seconds 
========================================================================
Received Import Request.
  Time since last request: 0.000037 seconds.
  path: Assets/Interior/Specific Interior/Gym/Gym_Singles_99.png
  artifactKey: Guid(f5be061b16267e74e83df3172e3d8d89) Importer(815301076,1909f56bfc062723c751e8b465ee728b)
Start importing Assets/Interior/Specific Interior/Gym/Gym_Singles_99.png using Guid(f5be061b16267e74e83df3172e3d8d89) Importer(815301076,1909f56bfc062723c751e8b465ee728b)  -> (artifact id: 'a22f457846ab66c938692b7f815d52b0') in 0.028258 seconds 
========================================================================
Received Import Request.
  Time since last request: 0.000036 seconds.
  path: Assets/Interior/Specific Interior/Gym/Gym_Singles_93.png
  artifactKey: Guid(8b50d6c7b99220f4cade133ce6c3f237) Importer(815301076,1909f56bfc062723c751e8b465ee728b)
Start importing Assets/Interior/Specific Interior/Gym/Gym_Singles_93.png using Guid(8b50d6c7b99220f4cade133ce6c3f237) Importer(815301076,1909f56bfc062723c751e8b465ee728b)  -> (artifact id: '8b43365ad7e2ccc3beb932365451e3af') in 0.020866 seconds 
========================================================================
Received Import Request.
  Time since last request: 0.000032 seconds.
  path: Assets/Interior/Specific Interior/Gym/Gym_Singles_113.png
  artifactKey: Guid(6a7a44b967d4194479ef9800c58086f7) Importer(815301076,1909f56bfc062723c751e8b465ee728b)
Start importing Assets/Interior/Specific Interior/Gym/Gym_Singles_113.png using Guid(6a7a44b967d4194479ef9800c58086f7) Importer(815301076,1909f56bfc062723c751e8b465ee728b)  -> (artifact id: '077b214bc61937d4432dd421e7b4c9b5') in 0.021283 seconds 
========================================================================
Received Import Request.
  Time since last request: 0.000024 seconds.
  path: Assets/Interior/Specific Interior/Gym/Gym_Singles_130.png
  artifactKey: Guid(05e462d4ab2cd96498dad78db7921dd0) Importer(815301076,1909f56bfc062723c751e8b465ee728b)
Start importing Assets/Interior/Specific Interior/Gym/Gym_Singles_130.png using Guid(05e462d4ab2cd96498dad78db7921dd0) Importer(815301076,1909f56bfc062723c751e8b465ee728b)  -> (artifact id: '9fd60a6e1f34918965e083fcc79657d9') in 0.018660 seconds 
========================================================================
Received Import Request.
  Time since last request: 0.000036 seconds.
  path: Assets/Interior/Specific Interior/Gym/Gym_Singles_106.png
  artifactKey: Guid(7e5b468cbd707db419af0f3a470cf10f) Importer(815301076,1909f56bfc062723c751e8b465ee728b)
Start importing Assets/Interior/Specific Interior/Gym/Gym_Singles_106.png using Guid(7e5b468cbd707db419af0f3a470cf10f) Importer(815301076,1909f56bfc062723c751e8b465ee728b)  -> (artifact id: 'cf1996bcadeef43a3039ea67de3995eb') in 0.020642 seconds 
========================================================================
Received Import Request.
  Time since last request: 0.000031 seconds.
  path: Assets/Interior/Specific Interior/Gym/Gym_Singles_118.png
  artifactKey: Guid(35cf9d03d0ccf304181a1b911d68115f) Importer(815301076,1909f56bfc062723c751e8b465ee728b)
Start importing Assets/Interior/Specific Interior/Gym/Gym_Singles_118.png using Guid(35cf9d03d0ccf304181a1b911d68115f) Importer(815301076,1909f56bfc062723c751e8b465ee728b)  -> (artifact id: 'f7315facfd75a77705cba8b24fb4bc2c') in 0.021854 seconds 
========================================================================
Received Import Request.
  Time since last request: 0.000034 seconds.
  path: Assets/Interior/Specific Interior/Gym/Gym_Singles_139.png
  artifactKey: Guid(b61dcd2e3242edb4fb5b05530f34cf95) Importer(815301076,1909f56bfc062723c751e8b465ee728b)
Start importing Assets/Interior/Specific Interior/Gym/Gym_Singles_139.png using Guid(b61dcd2e3242edb4fb5b05530f34cf95) Importer(815301076,1909f56bfc062723c751e8b465ee728b)  -> (artifact id: 'd2aefbb95499b1fc7ed76ed6cb1df49a') in 0.021697 seconds 
========================================================================
Received Import Request.
  Time since last request: 0.000031 seconds.
  path: Assets/Interior/Specific Interior/Gym/Gym_Singles_95.png
  artifactKey: Guid(1f711eaaa1ba63247908d9f7c2fd52ec) Importer(815301076,1909f56bfc062723c751e8b465ee728b)
Start importing Assets/Interior/Specific Interior/Gym/Gym_Singles_95.png using Guid(1f711eaaa1ba63247908d9f7c2fd52ec) Importer(815301076,1909f56bfc062723c751e8b465ee728b)  -> (artifact id: '88c833d0ad0d07fbba5af7f5b265002b') in 0.022475 seconds 
========================================================================
Received Import Request.
  Time since last request: 0.000029 seconds.
  path: Assets/Interior/Specific Interior/Gym/Gym_Singles_152.png
  artifactKey: Guid(0f1b0c61115f4d147af4fc9579321d9e) Importer(815301076,1909f56bfc062723c751e8b465ee728b)
Start importing Assets/Interior/Specific Interior/Gym/Gym_Singles_152.png using Guid(0f1b0c61115f4d147af4fc9579321d9e) Importer(815301076,1909f56bfc062723c751e8b465ee728b)  -> (artifact id: 'fa98c863c2a9b62377c32381bfcd6ef7') in 0.021352 seconds 
========================================================================
Received Import Request.
  Time since last request: 0.000031 seconds.
  path: Assets/Interior/Specific Interior/Gym/Gym_Singles_77.png
  artifactKey: Guid(89045da3df13c1a438b155b8e4bf70c5) Importer(815301076,1909f56bfc062723c751e8b465ee728b)
Start importing Assets/Interior/Specific Interior/Gym/Gym_Singles_77.png using Guid(89045da3df13c1a438b155b8e4bf70c5) Importer(815301076,1909f56bfc062723c751e8b465ee728b)  -> (artifact id: '8615921aa884a6fc1784e2c8cc1fe8f5') in 0.018486 seconds 
========================================================================
Received Import Request.
  Time since last request: 0.000035 seconds.
  path: Assets/Interior/Specific Interior/Gym/Gym_Singles_79.png
  artifactKey: Guid(aa3bdbc2d80a1a046b4876841ab4120d) Importer(815301076,1909f56bfc062723c751e8b465ee728b)
Start importing Assets/Interior/Specific Interior/Gym/Gym_Singles_79.png using Guid(aa3bdbc2d80a1a046b4876841ab4120d) Importer(815301076,1909f56bfc062723c751e8b465ee728b)  -> (artifact id: '03796e56b95c3310fa8e627c632d6545') in 0.022022 seconds 
========================================================================
Received Import Request.
  Time since last request: 0.000045 seconds.
  path: Assets/Interior/Specific Interior/Gym/Gym_Singles_64.png
  artifactKey: Guid(a091492f1136f9946a945cd8e5011268) Importer(815301076,1909f56bfc062723c751e8b465ee728b)
Start importing Assets/Interior/Specific Interior/Gym/Gym_Singles_64.png using Guid(a091492f1136f9946a945cd8e5011268) Importer(815301076,1909f56bfc062723c751e8b465ee728b)  -> (artifact id: '7d7367cdd25755e7bb917676150ccc15') in 0.020771 seconds 
========================================================================
Received Import Request.
  Time since last request: 0.000043 seconds.
  path: Assets/Interior/Specific Interior/Gym/Gym_Singles_20.png
  artifactKey: Guid(45df128aee63a8d43bb1db4749f5a692) Importer(815301076,1909f56bfc062723c751e8b465ee728b)
Start importing Assets/Interior/Specific Interior/Gym/Gym_Singles_20.png using Guid(45df128aee63a8d43bb1db4749f5a692) Importer(815301076,1909f56bfc062723c751e8b465ee728b)  -> (artifact id: '407a6adf566e0cc6c25e443240eb569c') in 0.019970 seconds 
========================================================================
Received Import Request.
  Time since last request: 0.000035 seconds.
  path: Assets/Interior/Specific Interior/Gym/Gym_Singles_37.png
  artifactKey: Guid(9bd4cac4c296e2147add40ac2883b80d) Importer(815301076,1909f56bfc062723c751e8b465ee728b)
Start importing Assets/Interior/Specific Interior/Gym/Gym_Singles_37.png using Guid(9bd4cac4c296e2147add40ac2883b80d) Importer(815301076,1909f56bfc062723c751e8b465ee728b)  -> (artifact id: 'ff36eec1e990bbbc38ee129d6eed1e97') in 0.020083 seconds 
========================================================================
Received Import Request.
  Time since last request: 0.000025 seconds.
  path: Assets/Interior/Specific Interior/Gym/Gym_Singles_35.png
  artifactKey: Guid(d0f9d78dd8a02e54e88689d8a1497fbb) Importer(815301076,1909f56bfc062723c751e8b465ee728b)
Start importing Assets/Interior/Specific Interior/Gym/Gym_Singles_35.png using Guid(d0f9d78dd8a02e54e88689d8a1497fbb) Importer(815301076,1909f56bfc062723c751e8b465ee728b)  -> (artifact id: 'f4dab4b8290b339e1a4277ab98ea828d') in 0.020872 seconds 
========================================================================
Received Import Request.
  Time since last request: 0.000034 seconds.
  path: Assets/Interior/Specific Interior/Gym/Gym_Singles_46.png
  artifactKey: Guid(79d8b4c7686eb944096867a6ecb23b71) Importer(815301076,1909f56bfc062723c751e8b465ee728b)
Start importing Assets/Interior/Specific Interior/Gym/Gym_Singles_46.png using Guid(79d8b4c7686eb944096867a6ecb23b71) Importer(815301076,1909f56bfc062723c751e8b465ee728b)  -> (artifact id: '32793d49d4095497f6687a7f28462e0b') in 0.024515 seconds 
========================================================================
Received Import Request.
  Time since last request: 0.000052 seconds.
  path: Assets/Interior/Specific Interior/Gym/Gym_Singles_59.png
  artifactKey: Guid(30b8aba729a4d3d4da82596cbde754c9) Importer(815301076,1909f56bfc062723c751e8b465ee728b)
Start importing Assets/Interior/Specific Interior/Gym/Gym_Singles_59.png using Guid(30b8aba729a4d3d4da82596cbde754c9) Importer(815301076,1909f56bfc062723c751e8b465ee728b)  -> (artifact id: 'e9609ca9c256e2e6c0e079d8782e7ec1') in 0.021995 seconds 
========================================================================
Received Import Request.
  Time since last request: 0.000031 seconds.
  path: Assets/Interior/Specific Interior/Gym/Gym_Singles_36.png
  artifactKey: Guid(ba610e0e767a4994090e678cdd46ea0b) Importer(815301076,1909f56bfc062723c751e8b465ee728b)
Start importing Assets/Interior/Specific Interior/Gym/Gym_Singles_36.png using Guid(ba610e0e767a4994090e678cdd46ea0b) Importer(815301076,1909f56bfc062723c751e8b465ee728b)  -> (artifact id: '1bcff0a37f23099a1f89b0601f9b098e') in 0.019500 seconds 
========================================================================
Received Import Request.
  Time since last request: 0.000043 seconds.
  path: Assets/Interior/Specific Interior/Gym/Gym_Singles_19.png
  artifactKey: Guid(992f9ea0eda8a4640a8457f37b42a2fa) Importer(815301076,1909f56bfc062723c751e8b465ee728b)
Start importing Assets/Interior/Specific Interior/Gym/Gym_Singles_19.png using Guid(992f9ea0eda8a4640a8457f37b42a2fa) Importer(815301076,1909f56bfc062723c751e8b465ee728b)  -> (artifact id: '4d7c2d3ff84eacf39fd3d0a2d5ef5aab') in 0.027071 seconds 
========================================================================
Received Import Request.
  Time since last request: 0.000046 seconds.
  path: Assets/Interior/Specific Interior/Gym/Gym_Singles_32.png
  artifactKey: Guid(8052d78306ef8ad4aa28ff90355f638f) Importer(815301076,1909f56bfc062723c751e8b465ee728b)
Start importing Assets/Interior/Specific Interior/Gym/Gym_Singles_32.png using Guid(8052d78306ef8ad4aa28ff90355f638f) Importer(815301076,1909f56bfc062723c751e8b465ee728b)  -> (artifact id: 'e4a2e622fd6a26b2fd3597b9588c3335') in 0.021962 seconds 
========================================================================
Received Import Request.
  Time since last request: 0.000066 seconds.
  path: Assets/Interior/Specific Interior/Gym/Gym_Singles_10.png
  artifactKey: Guid(01e7a78b14888614d80be91dc7a0f09b) Importer(815301076,1909f56bfc062723c751e8b465ee728b)
Start importing Assets/Interior/Specific Interior/Gym/Gym_Singles_10.png using Guid(01e7a78b14888614d80be91dc7a0f09b) Importer(815301076,1909f56bfc062723c751e8b465ee728b)  -> (artifact id: '9cf0197dc5a0dbeb194e70857737a3d1') in 0.329319 seconds 
========================================================================
Received Import Request.
  Time since last request: 0.000044 seconds.
  path: Assets/Interior/Specific Interior/Gym/Gym_Singles_9.png
  artifactKey: Guid(c2e66b8165e71ea45bd0beea7dc04631) Importer(815301076,1909f56bfc062723c751e8b465ee728b)
Start importing Assets/Interior/Specific Interior/Gym/Gym_Singles_9.png using Guid(c2e66b8165e71ea45bd0beea7dc04631) Importer(815301076,1909f56bfc062723c751e8b465ee728b)  -> (artifact id: 'a592395e7015674111ef8a2c46526705') in 0.024017 seconds 
========================================================================
Received Import Request.
  Time since last request: 0.000033 seconds.
  path: Assets/Interior/Specific Interior/Gym/Gym_Singles_4.png
  artifactKey: Guid(cee6027ddebcd39478cbe43b1c98b7f1) Importer(815301076,1909f56bfc062723c751e8b465ee728b)
Start importing Assets/Interior/Specific Interior/Gym/Gym_Singles_4.png using Guid(cee6027ddebcd39478cbe43b1c98b7f1) Importer(815301076,1909f56bfc062723c751e8b465ee728b)  -> (artifact id: '989378bc107d0a7290d571abac0bd0e9') in 0.020372 seconds 
========================================================================
Received Import Request.
  Time since last request: 0.000024 seconds.
  path: Assets/Interior/Specific Interior/Gym/Gym_Singles_12.png
  artifactKey: Guid(af058c2e70f0153429f5ed43906c63ad) Importer(815301076,1909f56bfc062723c751e8b465ee728b)
Start importing Assets/Interior/Specific Interior/Gym/Gym_Singles_12.png using Guid(af058c2e70f0153429f5ed43906c63ad) Importer(815301076,1909f56bfc062723c751e8b465ee728b)  -> (artifact id: 'f64987a38ef269aa05859628c60ab1f9') in 0.025863 seconds 
========================================================================
Received Import Request.
  Time since last request: 0.000031 seconds.
  path: Assets/Interior/Specific Interior/Gym/Gym_Singles_96.png
  artifactKey: Guid(52fc659358558114a816c3716f5ce1b5) Importer(815301076,1909f56bfc062723c751e8b465ee728b)
Start importing Assets/Interior/Specific Interior/Gym/Gym_Singles_96.png using Guid(52fc659358558114a816c3716f5ce1b5) Importer(815301076,1909f56bfc062723c751e8b465ee728b)  -> (artifact id: 'be991ea28776e2048446695e0cc35d10') in 0.024522 seconds 
========================================================================
Received Import Request.
  Time since last request: 0.000026 seconds.
  path: Assets/Interior/Specific Interior/Gym/Gym_Singles_133.png
  artifactKey: Guid(d6f2bf54462776c4cb76f39564a3810e) Importer(815301076,1909f56bfc062723c751e8b465ee728b)
Start importing Assets/Interior/Specific Interior/Gym/Gym_Singles_133.png using Guid(d6f2bf54462776c4cb76f39564a3810e) Importer(815301076,1909f56bfc062723c751e8b465ee728b)  -> (artifact id: 'f7f579881e374892875bc07aa483935e') in 0.022859 seconds 
========================================================================
Received Import Request.
  Time since last request: 0.000030 seconds.
  path: Assets/Interior/Specific Interior/Gym/Gym_Singles_103.png
  artifactKey: Guid(7009f1a4e834db14dbded3db54d4a277) Importer(815301076,1909f56bfc062723c751e8b465ee728b)
Start importing Assets/Interior/Specific Interior/Gym/Gym_Singles_103.png using Guid(7009f1a4e834db14dbded3db54d4a277) Importer(815301076,1909f56bfc062723c751e8b465ee728b)  -> (artifact id: '8da8f07ae45aeb3d05315016f13ca594') in 0.020955 seconds 
========================================================================
Received Import Request.
  Time since last request: 0.000029 seconds.
  path: Assets/Interior/Specific Interior/Gym/Gym_Singles_127.png
  artifactKey: Guid(986a87fb518e1664e98fdf726dacc48a) Importer(815301076,1909f56bfc062723c751e8b465ee728b)
Start importing Assets/Interior/Specific Interior/Gym/Gym_Singles_127.png using Guid(986a87fb518e1664e98fdf726dacc48a) Importer(815301076,1909f56bfc062723c751e8b465ee728b)  -> (artifact id: '53435613ca9072f5e5303f12a1c20ec0') in 0.021259 seconds 
========================================================================
Received Import Request.
  Time since last request: 0.000024 seconds.
  path: Assets/Interior/Specific Interior/Gym/Gym_Singles_91.png
  artifactKey: Guid(d2aa4a45445bede4a87b2e5d67eb59e3) Importer(815301076,1909f56bfc062723c751e8b465ee728b)
Start importing Assets/Interior/Specific Interior/Gym/Gym_Singles_91.png using Guid(d2aa4a45445bede4a87b2e5d67eb59e3) Importer(815301076,1909f56bfc062723c751e8b465ee728b)  -> (artifact id: '46481f153d28b537d9bfb2b4c7f9d721') in 0.018433 seconds 
========================================================================
Received Import Request.
  Time since last request: 0.000026 seconds.
  path: Assets/Interior/Specific Interior/Gym/Gym_Singles_39.png
  artifactKey: Guid(1a8a47b422a704b4da21547be46a3679) Importer(815301076,1909f56bfc062723c751e8b465ee728b)
Start importing Assets/Interior/Specific Interior/Gym/Gym_Singles_39.png using Guid(1a8a47b422a704b4da21547be46a3679) Importer(815301076,1909f56bfc062723c751e8b465ee728b)  -> (artifact id: 'cb5061117cbb89366aff87411cb62ccb') in 0.021225 seconds 
========================================================================
Received Import Request.
  Time since last request: 0.000033 seconds.
  path: Assets/Interior/Specific Interior/Gym/Gym_Singles_81.png
  artifactKey: Guid(037f4aa16875a0f4f96a83c4bd0009e6) Importer(815301076,1909f56bfc062723c751e8b465ee728b)
Start importing Assets/Interior/Specific Interior/Gym/Gym_Singles_81.png using Guid(037f4aa16875a0f4f96a83c4bd0009e6) Importer(815301076,1909f56bfc062723c751e8b465ee728b)  -> (artifact id: 'add17b29f903c35bcbe03d22fb9177fa') in 0.021165 seconds 
========================================================================
Received Import Request.
  Time since last request: 0.000040 seconds.
  path: Assets/Interior/Specific Interior/Gym/Gym_Singles_65.png
  artifactKey: Guid(0015a8feb3fc90c4f951d7777d1c78f1) Importer(815301076,1909f56bfc062723c751e8b465ee728b)
Start importing Assets/Interior/Specific Interior/Gym/Gym_Singles_65.png using Guid(0015a8feb3fc90c4f951d7777d1c78f1) Importer(815301076,1909f56bfc062723c751e8b465ee728b)  -> (artifact id: 'e420afdf82099c9669fbbdd0c7be30a8') in 0.021149 seconds 
========================================================================
Received Import Request.
  Time since last request: 0.000036 seconds.
  path: Assets/Interior/Specific Interior/Gym/Gym_Singles_126.png
  artifactKey: Guid(cc17f9d18e8979d449b133067188f5f0) Importer(815301076,1909f56bfc062723c751e8b465ee728b)
Start importing Assets/Interior/Specific Interior/Gym/Gym_Singles_126.png using Guid(cc17f9d18e8979d449b133067188f5f0) Importer(815301076,1909f56bfc062723c751e8b465ee728b)  -> (artifact id: '8ae03a1a6895ac044fc77bcb900aa2bb') in 0.023168 seconds 
========================================================================
Received Import Request.
  Time since last request: 0.000099 seconds.
  path: Assets/Interior/Specific Interior/Gym/Gym_Singles_73.png
  artifactKey: Guid(b7576a05b8faa274dacd52b3bf75f51c) Importer(815301076,1909f56bfc062723c751e8b465ee728b)
Start importing Assets/Interior/Specific Interior/Gym/Gym_Singles_73.png using Guid(b7576a05b8faa274dacd52b3bf75f51c) Importer(815301076,1909f56bfc062723c751e8b465ee728b)  -> (artifact id: 'cb4b0663c43f17c85e8668e044a0d6d0') in 0.030709 seconds 
========================================================================
Received Import Request.
  Time since last request: 0.000034 seconds.
  path: Assets/Interior/Specific Interior/Gym/Gym_Singles_117.png
  artifactKey: Guid(6c6a0d87e57c3f941a0857072538421f) Importer(815301076,1909f56bfc062723c751e8b465ee728b)
Start importing Assets/Interior/Specific Interior/Gym/Gym_Singles_117.png using Guid(6c6a0d87e57c3f941a0857072538421f) Importer(815301076,1909f56bfc062723c751e8b465ee728b)  -> (artifact id: '5f1becb716d3dd6c2e708316d9780065') in 0.021176 seconds 
========================================================================
Received Import Request.
  Time since last request: 0.000039 seconds.
  path: Assets/Interior/Specific Interior/Gym/Gym_Singles_90.png
  artifactKey: Guid(ad0656c64accd234c8e7cc4f895abafe) Importer(815301076,1909f56bfc062723c751e8b465ee728b)
Start importing Assets/Interior/Specific Interior/Gym/Gym_Singles_90.png using Guid(ad0656c64accd234c8e7cc4f895abafe) Importer(815301076,1909f56bfc062723c751e8b465ee728b)  -> (artifact id: '002fb6b76662aff08b4f466c9094d979') in 0.018637 seconds 
========================================================================
Received Import Request.
  Time since last request: 0.000028 seconds.
  path: Assets/Interior/Specific Interior/Gym/Gym_Singles_15.png
  artifactKey: Guid(3892c9c97a3596e4996eee3e178fe72f) Importer(815301076,1909f56bfc062723c751e8b465ee728b)
Start importing Assets/Interior/Specific Interior/Gym/Gym_Singles_15.png using Guid(3892c9c97a3596e4996eee3e178fe72f) Importer(815301076,1909f56bfc062723c751e8b465ee728b)  -> (artifact id: '36acdcd84a64e6b4cccdc6ccccee3590') in 0.021456 seconds 
========================================================================
Received Import Request.
  Time since last request: 0.000029 seconds.
  path: Assets/Interior/Specific Interior/Gym/Gym_Singles_116.png
  artifactKey: Guid(d300c7fe38bbd8046a36b960d36bf42a) Importer(815301076,1909f56bfc062723c751e8b465ee728b)
Start importing Assets/Interior/Specific Interior/Gym/Gym_Singles_116.png using Guid(d300c7fe38bbd8046a36b960d36bf42a) Importer(815301076,1909f56bfc062723c751e8b465ee728b)  -> (artifact id: '2e8558ccfce333c281398790a8c8ea3c') in 0.020286 seconds 
========================================================================
Received Import Request.
  Time since last request: 0.000032 seconds.
  path: Assets/Interior/Specific Interior/Gym/Gym_Singles_83.png
  artifactKey: Guid(53b47458df62b0549bf7420af5c8474b) Importer(815301076,1909f56bfc062723c751e8b465ee728b)
Start importing Assets/Interior/Specific Interior/Gym/Gym_Singles_83.png using Guid(53b47458df62b0549bf7420af5c8474b) Importer(815301076,1909f56bfc062723c751e8b465ee728b)  -> (artifact id: 'fc110cb27a49d24a89c4eed3fca713dc') in 0.019051 seconds 
========================================================================
Received Import Request.
  Time since last request: 0.000037 seconds.
  path: Assets/Interior/Specific Interior/Gym/Gym_Singles_47.png
  artifactKey: Guid(679222d46b8044842b612ef67704028c) Importer(815301076,1909f56bfc062723c751e8b465ee728b)
Start importing Assets/Interior/Specific Interior/Gym/Gym_Singles_47.png using Guid(679222d46b8044842b612ef67704028c) Importer(815301076,1909f56bfc062723c751e8b465ee728b)  -> (artifact id: '35ac975726aefeab01a966b26188ad47') in 0.021224 seconds 
========================================================================
Received Import Request.
  Time since last request: 0.000033 seconds.
  path: Assets/Interior/Specific Interior/Gym/Gym_Singles_28.png
  artifactKey: Guid(abf7577fa03b1e44e993b8515f0be4e3) Importer(815301076,1909f56bfc062723c751e8b465ee728b)
Start importing Assets/Interior/Specific Interior/Gym/Gym_Singles_28.png using Guid(abf7577fa03b1e44e993b8515f0be4e3) Importer(815301076,1909f56bfc062723c751e8b465ee728b)  -> (artifact id: 'aeeaa9e67bb388e58d108895b4879473') in 0.020267 seconds 
========================================================================
Received Import Request.
  Time since last request: 0.000034 seconds.
  path: Assets/Interior/Specific Interior/Gym/Gym_Singles_23.png
  artifactKey: Guid(9166fcd94aba6fe43a746af226bf70ec) Importer(815301076,1909f56bfc062723c751e8b465ee728b)
Start importing Assets/Interior/Specific Interior/Gym/Gym_Singles_23.png using Guid(9166fcd94aba6fe43a746af226bf70ec) Importer(815301076,1909f56bfc062723c751e8b465ee728b)  -> (artifact id: '0eced8f6636c1b1e307082b7536d79b9') in 0.036073 seconds 
========================================================================
Received Import Request.
  Time since last request: 0.000029 seconds.
  path: Assets/Interior/Specific Interior/Gym/Gym_Singles_122.png
  artifactKey: Guid(a2eb47330ff7dca4cb501a7d1a7844c5) Importer(815301076,1909f56bfc062723c751e8b465ee728b)
Start importing Assets/Interior/Specific Interior/Gym/Gym_Singles_122.png using Guid(a2eb47330ff7dca4cb501a7d1a7844c5) Importer(815301076,1909f56bfc062723c751e8b465ee728b)  -> (artifact id: '059959690c980d12b3b083bf10bac947') in 0.031335 seconds 
========================================================================
Received Import Request.
  Time since last request: 0.000025 seconds.
  path: Assets/Interior/Specific Interior/Gym/Gym_Singles_87.png
  artifactKey: Guid(a61268976ac0920498e6ee08094c7a3a) Importer(815301076,1909f56bfc062723c751e8b465ee728b)
Start importing Assets/Interior/Specific Interior/Gym/Gym_Singles_87.png using Guid(a61268976ac0920498e6ee08094c7a3a) Importer(815301076,1909f56bfc062723c751e8b465ee728b)  -> (artifact id: '8dd3ce191f655f3905a639bd4b4f9941') in 0.023794 seconds 
========================================================================
Received Import Request.
  Time since last request: 0.000032 seconds.
  path: Assets/Interior/Specific Interior/Gym/Gym_Singles_76.png
  artifactKey: Guid(6065e427a89949443a251dd0d567b2fb) Importer(815301076,1909f56bfc062723c751e8b465ee728b)
Start importing Assets/Interior/Specific Interior/Gym/Gym_Singles_76.png using Guid(6065e427a89949443a251dd0d567b2fb) Importer(815301076,1909f56bfc062723c751e8b465ee728b)  -> (artifact id: '51de3d1341a90f9bf5303eaec85e9f8d') in 0.020890 seconds 
========================================================================
Received Import Request.
  Time since last request: 0.000027 seconds.
  path: Assets/Interior/Specific Interior/Gym/Gym_Singles_142.png
  artifactKey: Guid(3ccc989691bf72f46a876af1f2bcc206) Importer(815301076,1909f56bfc062723c751e8b465ee728b)
Start importing Assets/Interior/Specific Interior/Gym/Gym_Singles_142.png using Guid(3ccc989691bf72f46a876af1f2bcc206) Importer(815301076,1909f56bfc062723c751e8b465ee728b)  -> (artifact id: '4535107e859be908d7a71ca5e1fa9b7c') in 0.020814 seconds 
========================================================================
Received Import Request.
  Time since last request: 0.000034 seconds.
  path: Assets/Interior/Specific Interior/Gym/Gym_Singles_138.png
  artifactKey: Guid(66ce76b200dc8fb4abc26ce9ea12622a) Importer(815301076,1909f56bfc062723c751e8b465ee728b)
Start importing Assets/Interior/Specific Interior/Gym/Gym_Singles_138.png using Guid(66ce76b200dc8fb4abc26ce9ea12622a) Importer(815301076,1909f56bfc062723c751e8b465ee728b)  -> (artifact id: '70a92b23d77debe8ec5a363f8f5da93c') in 0.021074 seconds 
========================================================================
Received Import Request.
  Time since last request: 0.000028 seconds.
  path: Assets/Interior/Specific Interior/Gym/Gym_Singles_101.png
  artifactKey: Guid(1b5882774270b214a8804055c2997964) Importer(815301076,1909f56bfc062723c751e8b465ee728b)
Start importing Assets/Interior/Specific Interior/Gym/Gym_Singles_101.png using Guid(1b5882774270b214a8804055c2997964) Importer(815301076,1909f56bfc062723c751e8b465ee728b)  -> (artifact id: '6f0e8dbb33d1eb7a67e69228e6a5c010') in 0.019389 seconds 
========================================================================
Received Import Request.
  Time since last request: 0.000036 seconds.
  path: Assets/Interior/Specific Interior/Gym/Gym_Singles_158.png
  artifactKey: Guid(d5ae0e825cb8c9646ab96aa31111572e) Importer(815301076,1909f56bfc062723c751e8b465ee728b)
Start importing Assets/Interior/Specific Interior/Gym/Gym_Singles_158.png using Guid(d5ae0e825cb8c9646ab96aa31111572e) Importer(815301076,1909f56bfc062723c751e8b465ee728b)  -> (artifact id: '7bcfcd4b6608d87fac7e44c0212ab6f5') in 0.019337 seconds 
========================================================================
Received Import Request.
  Time since last request: 0.000028 seconds.
  path: Assets/Interior/Specific Interior/Gym/Gym_Singles_62.png
  artifactKey: Guid(dd90086b607d33f4f984f9f273aef3e1) Importer(815301076,1909f56bfc062723c751e8b465ee728b)
Start importing Assets/Interior/Specific Interior/Gym/Gym_Singles_62.png using Guid(dd90086b607d33f4f984f9f273aef3e1) Importer(815301076,1909f56bfc062723c751e8b465ee728b)  -> (artifact id: 'f1985a1e4e9de4e3300f977d8cb0be12') in 0.019782 seconds 
========================================================================
Received Import Request.
  Time since last request: 0.000026 seconds.
  path: Assets/Interior/Specific Interior/Gym/Gym_Singles_7.png
  artifactKey: Guid(58c18ab6a4a89974690a4e6244da19db) Importer(815301076,1909f56bfc062723c751e8b465ee728b)
Start importing Assets/Interior/Specific Interior/Gym/Gym_Singles_7.png using Guid(58c18ab6a4a89974690a4e6244da19db) Importer(815301076,1909f56bfc062723c751e8b465ee728b)  -> (artifact id: '15260dd404b0ed17e618beb69ae021f4') in 0.021128 seconds 
========================================================================
Received Import Request.
  Time since last request: 0.000024 seconds.
  path: Assets/Interior/Specific Interior/Gym/Gym_Singles_41.png
  artifactKey: Guid(e2dc45b0ea772ac40bee23da126a5768) Importer(815301076,1909f56bfc062723c751e8b465ee728b)
Start importing Assets/Interior/Specific Interior/Gym/Gym_Singles_41.png using Guid(e2dc45b0ea772ac40bee23da126a5768) Importer(815301076,1909f56bfc062723c751e8b465ee728b)  -> (artifact id: '2560c1bff4a464a4c7856e18eb9a0558') in 0.021446 seconds 
========================================================================
Received Import Request.
  Time since last request: 0.000031 seconds.
  path: Assets/Interior/Specific Interior/Gym/Gym_Singles_74.png
  artifactKey: Guid(4b94559913e68e8439fb42c4083ea3cb) Importer(815301076,1909f56bfc062723c751e8b465ee728b)
Start importing Assets/Interior/Specific Interior/Gym/Gym_Singles_74.png using Guid(4b94559913e68e8439fb42c4083ea3cb) Importer(815301076,1909f56bfc062723c751e8b465ee728b)  -> (artifact id: 'fc4e283681a3ae2bfd63d7a4dd7a2dd6') in 0.020721 seconds 
========================================================================
Received Import Request.
  Time since last request: 0.000026 seconds.
  path: Assets/Interior/Specific Interior/Gym/Gym_Singles_124.png
  artifactKey: Guid(b289ce987415b3d4d8d2d466cdf0679d) Importer(815301076,1909f56bfc062723c751e8b465ee728b)
Start importing Assets/Interior/Specific Interior/Gym/Gym_Singles_124.png using Guid(b289ce987415b3d4d8d2d466cdf0679d) Importer(815301076,1909f56bfc062723c751e8b465ee728b)  -> (artifact id: 'f2e9f9a9d435997935214648d1cd0837') in 0.019575 seconds 
========================================================================
Received Import Request.
  Time since last request: 0.000062 seconds.
  path: Assets/Interior/Specific Interior/Gym/Gym_Singles_52.png
  artifactKey: Guid(fa7a3975615a74b4e818902464972c1c) Importer(815301076,1909f56bfc062723c751e8b465ee728b)
Start importing Assets/Interior/Specific Interior/Gym/Gym_Singles_52.png using Guid(fa7a3975615a74b4e818902464972c1c) Importer(815301076,1909f56bfc062723c751e8b465ee728b)  -> (artifact id: 'f249644c88030850cc64fab8b7d3bc0e') in 0.028070 seconds 
========================================================================
Received Import Request.
  Time since last request: 0.000027 seconds.
  path: Assets/Interior/Specific Interior/Gym/Gym_Singles_104.png
  artifactKey: Guid(92bafd52e0008e047a34696d081120e4) Importer(815301076,1909f56bfc062723c751e8b465ee728b)
Start importing Assets/Interior/Specific Interior/Gym/Gym_Singles_104.png using Guid(92bafd52e0008e047a34696d081120e4) Importer(815301076,1909f56bfc062723c751e8b465ee728b)  -> (artifact id: '24f264fc7c82a77f57f37ebd6b89c1d8') in 0.023344 seconds 
========================================================================
Received Import Request.
  Time since last request: 0.000021 seconds.
  path: Assets/Interior/Specific Interior/Gym/Gym_Singles_80.png
  artifactKey: Guid(61011ddbcadc8d24db0afe1ae531220f) Importer(815301076,1909f56bfc062723c751e8b465ee728b)
Start importing Assets/Interior/Specific Interior/Gym/Gym_Singles_80.png using Guid(61011ddbcadc8d24db0afe1ae531220f) Importer(815301076,1909f56bfc062723c751e8b465ee728b)  -> (artifact id: '22865c9e4d7d1063db7d6c39a7b1c82c') in 0.042316 seconds 
========================================================================
Received Import Request.
  Time since last request: 0.000045 seconds.
  path: Assets/Interior/Specific Interior/Gym/Gym_Singles_159.png
  artifactKey: Guid(358d868b6b547994fabedba0403f5d2d) Importer(815301076,1909f56bfc062723c751e8b465ee728b)
Start importing Assets/Interior/Specific Interior/Gym/Gym_Singles_159.png using Guid(358d868b6b547994fabedba0403f5d2d) Importer(815301076,1909f56bfc062723c751e8b465ee728b)  -> (artifact id: 'bb97b6e0e0297eb5008539c9c690d11b') in 0.023287 seconds 
========================================================================
Received Import Request.
  Time since last request: 0.000028 seconds.
  path: Assets/Interior/Specific Interior/Gym/Gym_Singles_86.png
  artifactKey: Guid(cbd9511bf01fc864eb536016d0b1f68c) Importer(815301076,1909f56bfc062723c751e8b465ee728b)
Start importing Assets/Interior/Specific Interior/Gym/Gym_Singles_86.png using Guid(cbd9511bf01fc864eb536016d0b1f68c) Importer(815301076,1909f56bfc062723c751e8b465ee728b)  -> (artifact id: 'a36fd3b4aaf8e459d45ec7bf8e7e12c0') in 0.022916 seconds 
========================================================================
Received Import Request.
  Time since last request: 0.000028 seconds.
  path: Assets/Interior/Specific Interior/Gym/Gym_Singles_63.png
  artifactKey: Guid(16f596c624a69b34da45e2f3344a5de6) Importer(815301076,1909f56bfc062723c751e8b465ee728b)
Start importing Assets/Interior/Specific Interior/Gym/Gym_Singles_63.png using Guid(16f596c624a69b34da45e2f3344a5de6) Importer(815301076,1909f56bfc062723c751e8b465ee728b)  -> (artifact id: '8a29b4e75a03854aaad634e2a6743ed3') in 0.017385 seconds 
========================================================================
Received Import Request.
  Time since last request: 0.000018 seconds.
  path: Assets/Interior/Specific Interior/Gym/Gym_Singles_141.png
  artifactKey: Guid(28dc97438f7296740baa18ea47c96347) Importer(815301076,1909f56bfc062723c751e8b465ee728b)
Start importing Assets/Interior/Specific Interior/Gym/Gym_Singles_141.png using Guid(28dc97438f7296740baa18ea47c96347) Importer(815301076,1909f56bfc062723c751e8b465ee728b)  -> (artifact id: '43a8f10eec129deedec5098b145340af') in 0.022840 seconds 
========================================================================
Received Import Request.
  Time since last request: 0.000040 seconds.
  path: Assets/Interior/Specific Interior/Gym/Gym_Singles_69.png
  artifactKey: Guid(a3623e2d07f22cf49912b0cc20af1678) Importer(815301076,1909f56bfc062723c751e8b465ee728b)
Start importing Assets/Interior/Specific Interior/Gym/Gym_Singles_69.png using Guid(a3623e2d07f22cf49912b0cc20af1678) Importer(815301076,1909f56bfc062723c751e8b465ee728b)  -> (artifact id: 'd78d70508498406a980760e2f3d5063c') in 0.023099 seconds 
========================================================================
Received Import Request.
  Time since last request: 0.000029 seconds.
  path: Assets/Interior/Specific Interior/Gym/Gym_Singles_97.png
  artifactKey: Guid(e9034ed9cc7bfc24eac85e5112b7e2ed) Importer(815301076,1909f56bfc062723c751e8b465ee728b)
Start importing Assets/Interior/Specific Interior/Gym/Gym_Singles_97.png using Guid(e9034ed9cc7bfc24eac85e5112b7e2ed) Importer(815301076,1909f56bfc062723c751e8b465ee728b)  -> (artifact id: '5a97094c033c6447ba67d85b59d48b83') in 0.022633 seconds 
========================================================================
Received Import Request.
  Time since last request: 0.000024 seconds.
  path: Assets/Interior/Specific Interior/Gym/Gym_Singles_60.png
  artifactKey: Guid(9a532cc06e486204cb4a89907d9261cc) Importer(815301076,1909f56bfc062723c751e8b465ee728b)
Start importing Assets/Interior/Specific Interior/Gym/Gym_Singles_60.png using Guid(9a532cc06e486204cb4a89907d9261cc) Importer(815301076,1909f56bfc062723c751e8b465ee728b)  -> (artifact id: '3776995884355b5c674534e8a8af9516') in 0.022600 seconds 
========================================================================
Received Import Request.
  Time since last request: 0.000041 seconds.
  path: Assets/Interior/Specific Interior/Gym/Gym_Singles_75.png
  artifactKey: Guid(8f54af000c3c44941a395669e02dd3eb) Importer(815301076,1909f56bfc062723c751e8b465ee728b)
Start importing Assets/Interior/Specific Interior/Gym/Gym_Singles_75.png using Guid(8f54af000c3c44941a395669e02dd3eb) Importer(815301076,1909f56bfc062723c751e8b465ee728b)  -> (artifact id: 'd4b16172cf9717590392505215b56045') in 0.021764 seconds 
========================================================================
Received Import Request.
  Time since last request: 0.000042 seconds.
  path: Assets/Interior/Specific Interior/Gym/Gym_Singles_13.png
  artifactKey: Guid(5fac5a5ed05b9134d970d0c95b28b9fd) Importer(815301076,1909f56bfc062723c751e8b465ee728b)
Start importing Assets/Interior/Specific Interior/Gym/Gym_Singles_13.png using Guid(5fac5a5ed05b9134d970d0c95b28b9fd) Importer(815301076,1909f56bfc062723c751e8b465ee728b)  -> (artifact id: 'de684f6b3edd5fb67e1edce8117a32de') in 0.023199 seconds 
========================================================================
Received Import Request.
  Time since last request: 0.000035 seconds.
  path: Assets/Interior/Specific Interior/Gym/Gym_Singles_134.png
  artifactKey: Guid(5eb367de8d02eba4f9a743db8f3b5f44) Importer(815301076,1909f56bfc062723c751e8b465ee728b)
Start importing Assets/Interior/Specific Interior/Gym/Gym_Singles_134.png using Guid(5eb367de8d02eba4f9a743db8f3b5f44) Importer(815301076,1909f56bfc062723c751e8b465ee728b)  -> (artifact id: '38a812fae86b973894853ffe53854914') in 0.022241 seconds 
========================================================================
Received Import Request.
  Time since last request: 0.000033 seconds.
  path: Assets/Interior/Specific Interior/Gym/Gym_Singles_21.png
  artifactKey: Guid(244ff415b24bc3d44b7fa125b7f1ea42) Importer(815301076,1909f56bfc062723c751e8b465ee728b)
Start importing Assets/Interior/Specific Interior/Gym/Gym_Singles_21.png using Guid(244ff415b24bc3d44b7fa125b7f1ea42) Importer(815301076,1909f56bfc062723c751e8b465ee728b)  -> (artifact id: 'd56d49d7414b5e0a259c22073a780e95') in 0.025492 seconds 
========================================================================
Received Import Request.
  Time since last request: 0.000032 seconds.
  path: Assets/Interior/Specific Interior/Gym/Gym_Singles_135.png
  artifactKey: Guid(ed240472b0d71214485518f92f43a83c) Importer(815301076,1909f56bfc062723c751e8b465ee728b)
Start importing Assets/Interior/Specific Interior/Gym/Gym_Singles_135.png using Guid(ed240472b0d71214485518f92f43a83c) Importer(815301076,1909f56bfc062723c751e8b465ee728b)  -> (artifact id: '1e59eb7218036299734231ea5e7ded16') in 0.023589 seconds 
========================================================================
Received Import Request.
  Time since last request: 0.000030 seconds.
  path: Assets/Interior/Specific Interior/Gym/Gym_Singles_45.png
  artifactKey: Guid(e0abf68a8780fab44a723c0506f52823) Importer(815301076,1909f56bfc062723c751e8b465ee728b)
Start importing Assets/Interior/Specific Interior/Gym/Gym_Singles_45.png using Guid(e0abf68a8780fab44a723c0506f52823) Importer(815301076,1909f56bfc062723c751e8b465ee728b)  -> (artifact id: '081f514aef76db91ec4b98cb7727ea83') in 0.021266 seconds 
========================================================================
Received Import Request.
  Time since last request: 0.000036 seconds.
  path: Assets/Interior/Specific Interior/Gym/Gym_Singles_84.png
  artifactKey: Guid(3dd9b7a0bffb26544b827a805f7e24d9) Importer(815301076,1909f56bfc062723c751e8b465ee728b)
Start importing Assets/Interior/Specific Interior/Gym/Gym_Singles_84.png using Guid(3dd9b7a0bffb26544b827a805f7e24d9) Importer(815301076,1909f56bfc062723c751e8b465ee728b)  -> (artifact id: 'b4337041f71e757569235931af841830') in 0.021760 seconds 
========================================================================
Received Import Request.
  Time since last request: 0.000024 seconds.
  path: Assets/Interior/Specific Interior/Gym/Gym_Singles_123.png
  artifactKey: Guid(6f6697d2f1fa50349b1826fba15b0218) Importer(815301076,1909f56bfc062723c751e8b465ee728b)
Start importing Assets/Interior/Specific Interior/Gym/Gym_Singles_123.png using Guid(6f6697d2f1fa50349b1826fba15b0218) Importer(815301076,1909f56bfc062723c751e8b465ee728b)  -> (artifact id: '6c7fe30af60a829de510ca3c8135993e') in 0.023361 seconds 
========================================================================
Received Import Request.
  Time since last request: 0.000044 seconds.
  path: Assets/Interior/Specific Interior/Gym/Gym_Singles_33.png
  artifactKey: Guid(d3da9925c2e148c479117a4429c48202) Importer(815301076,1909f56bfc062723c751e8b465ee728b)
Start importing Assets/Interior/Specific Interior/Gym/Gym_Singles_33.png using Guid(d3da9925c2e148c479117a4429c48202) Importer(815301076,1909f56bfc062723c751e8b465ee728b)  -> (artifact id: '68b51a4a9f77ebe6d4a9473da8303413') in 0.022895 seconds 
========================================================================
Received Import Request.
  Time since last request: 0.000037 seconds.
  path: Assets/Interior/Specific Interior/Gym/Gym_Singles_108.png
  artifactKey: Guid(972b50c59bb11914ca06ce1f24154463) Importer(815301076,1909f56bfc062723c751e8b465ee728b)
Start importing Assets/Interior/Specific Interior/Gym/Gym_Singles_108.png using Guid(972b50c59bb11914ca06ce1f24154463) Importer(815301076,1909f56bfc062723c751e8b465ee728b)  -> (artifact id: '25052b0435f3304dba963c05c1fc9388') in 0.023668 seconds 
========================================================================
Received Import Request.
  Time since last request: 0.000039 seconds.
  path: Assets/Interior/Specific Interior/Gym/Gym_Singles_44.png
  artifactKey: Guid(6b8e46d865ecf134fbf3417bf8c48963) Importer(815301076,1909f56bfc062723c751e8b465ee728b)
Start importing Assets/Interior/Specific Interior/Gym/Gym_Singles_44.png using Guid(6b8e46d865ecf134fbf3417bf8c48963) Importer(815301076,1909f56bfc062723c751e8b465ee728b)  -> (artifact id: 'f4b5c8ed76506c0b617c14bfd4d41830') in 0.022087 seconds 
========================================================================
Received Import Request.
  Time since last request: 0.000036 seconds.
  path: Assets/Interior/Specific Interior/Gym/Gym_Singles_94.png
  artifactKey: Guid(cc3c7dce0c9437a46a1505726d210e8e) Importer(815301076,1909f56bfc062723c751e8b465ee728b)
Start importing Assets/Interior/Specific Interior/Gym/Gym_Singles_94.png using Guid(cc3c7dce0c9437a46a1505726d210e8e) Importer(815301076,1909f56bfc062723c751e8b465ee728b)  -> (artifact id: '2f9f7c65c8f2605727c486eaaad04bef') in 0.022441 seconds 
========================================================================
Received Import Request.
  Time since last request: 0.000023 seconds.
  path: Assets/Interior/Specific Interior/Gym/Gym_Singles_72.png
  artifactKey: Guid(1f6837eda39d9d74abea71abe4f84d74) Importer(815301076,1909f56bfc062723c751e8b465ee728b)
Start importing Assets/Interior/Specific Interior/Gym/Gym_Singles_72.png using Guid(1f6837eda39d9d74abea71abe4f84d74) Importer(815301076,1909f56bfc062723c751e8b465ee728b)  -> (artifact id: '616673e7c13ab6b97cfade8034d2a6ad') in 0.021280 seconds 
========================================================================
Received Import Request.
  Time since last request: 0.000034 seconds.
  path: Assets/Interior/Specific Interior/Gym/Gym_Singles_68.png
  artifactKey: Guid(f30f7cc62a9821b4aaf1ab6eb4df0379) Importer(815301076,1909f56bfc062723c751e8b465ee728b)
Start importing Assets/Interior/Specific Interior/Gym/Gym_Singles_68.png using Guid(f30f7cc62a9821b4aaf1ab6eb4df0379) Importer(815301076,1909f56bfc062723c751e8b465ee728b)  -> (artifact id: '9bbdcbb65814bd876844a4d08ed677ad') in 0.021111 seconds 
========================================================================
Received Import Request.
  Time since last request: 0.000032 seconds.
  path: Assets/Interior/Specific Interior/Gym/Gym_Singles_3.png
  artifactKey: Guid(6dea1ec460082a74a9cd473bafcbae7d) Importer(815301076,1909f56bfc062723c751e8b465ee728b)
Start importing Assets/Interior/Specific Interior/Gym/Gym_Singles_3.png using Guid(6dea1ec460082a74a9cd473bafcbae7d) Importer(815301076,1909f56bfc062723c751e8b465ee728b)  -> (artifact id: '9e40e31173adf3999dfc9613fcaa3f28') in 0.021897 seconds 
========================================================================
Received Import Request.
  Time since last request: 0.000035 seconds.
  path: Assets/Interior/Specific Interior/Gym/Gym_Singles_24.png
  artifactKey: Guid(11089b9afbd577e44b7b53d17d0eb984) Importer(815301076,1909f56bfc062723c751e8b465ee728b)
Start importing Assets/Interior/Specific Interior/Gym/Gym_Singles_24.png using Guid(11089b9afbd577e44b7b53d17d0eb984) Importer(815301076,1909f56bfc062723c751e8b465ee728b)  -> (artifact id: '8a39a8b5c323285c4573342162a0f77e') in 0.020376 seconds 
========================================================================
Received Import Request.
  Time since last request: 0.000036 seconds.
  path: Assets/Interior/Specific Interior/Gym/Gym_Singles_29.png
  artifactKey: Guid(1e2a14cfb16eef94fbc0a3ddd75936c6) Importer(815301076,1909f56bfc062723c751e8b465ee728b)
Start importing Assets/Interior/Specific Interior/Gym/Gym_Singles_29.png using Guid(1e2a14cfb16eef94fbc0a3ddd75936c6) Importer(815301076,1909f56bfc062723c751e8b465ee728b)  -> (artifact id: '179c33e4b053db6b4abe569178d7cbe7') in 0.022455 seconds 
========================================================================
Received Prepare
Registering precompiled user dll's ...
Registered in 0.010003 seconds.
Begin MonoManager ReloadAssembly
Native extension for UWP target not found
Native extension for WindowsStandalone target not found
Refreshing native plugins compatible for Editor in 1.06 ms, found 3 plugins.
Preloading 0 native plugins for Editor in 0.00 ms.
Mono: successfully reloaded assembly
- Completed reload, in  1.753 seconds
Domain Reload Profiling:
	ReloadAssembly (1754ms)
		BeginReloadAssembly (203ms)
			ExecutionOrderSort (0ms)
			DisableScriptedObjects (10ms)
			BackupInstance (0ms)
			ReleaseScriptingObjects (0ms)
			CreateAndSetChildDomain (45ms)
		EndReloadAssembly (1385ms)
			LoadAssemblies (140ms)
			RebuildTransferFunctionScriptingTraits (0ms)
			SetupTypeCache (346ms)
			ReleaseScriptCaches (1ms)
			RebuildScriptCaches (87ms)
			SetupLoadedEditorAssemblies (687ms)
				LogAssemblyErrors (0ms)
				InitializePlatformSupportModulesInManaged (32ms)
				SetLoadedEditorAssemblies (1ms)
				RefreshPlugins (1ms)
				BeforeProcessingInitializeOnLoad (161ms)
				ProcessInitializeOnLoadAttributes (389ms)
				ProcessInitializeOnLoadMethodAttributes (77ms)
				AfterProcessingInitializeOnLoad (24ms)
				EditorAssembliesLoaded (1ms)
			ExecutionOrderSort2 (0ms)
			AwakeInstancesAfterBackupRestoration (17ms)
Platform modules already initialized, skipping
Refreshing native plugins compatible for Editor in 5.03 ms, found 3 plugins.
Preloading 0 native plugins for Editor in 0.00 ms.
Unloading 2473 Unused Serialized files (Serialized files now loaded: 0)
Unloading 20 unused Assets / (24.6 KB). Loaded Objects now: 3013.
Memory consumption went from 116.2 MB to 116.2 MB.
Total: 4.912300 ms (FindLiveObjects: 0.312900 ms CreateObjectMapping: 0.094400 ms MarkObjects: 4.459300 ms  DeleteObjects: 0.043800 ms)

AssetImportParameters requested are different than current active one (requested -> active):
  custom:video-decoder-ogg-theora: a1e56fd34408186e4bbccfd4996cb3dc -> 
  custom:container-muxer-webm: aa71ff27fc2769a1b78a27578f13a17b -> 
  custom:container-demuxer-webm: 4f35f7cbe854078d1ac9338744f61a02 -> 
  custom:video-encoder-webm-vp8: eb34c28f22e8b96e1ab97ce403110664 -> 
  custom:audio-encoder-webm-vorbis: bf7c407c2cedff20999df2af8eb42d56 -> 
  custom:framework-win-MediaFoundation: 216162199b28c13a410421893ffa2e32 -> 
  custom:container-demuxer-ogg: 62fdf1f143b41e24485cea50d1cbac27 -> 
  custom:video-decoder-webm-vp8: 9c59270c3fd7afecdb556c50c9e8de78 -> 
  custom:audio-decoder-ogg-vorbis: bf7c407c2cedff20999df2af8eb42d56 -> 
========================================================================
Received Prepare
Registering precompiled user dll's ...
Registered in 0.011114 seconds.
Begin MonoManager ReloadAssembly
Native extension for UWP target not found
Native extension for WindowsStandalone target not found
Refreshing native plugins compatible for Editor in 1.03 ms, found 3 plugins.
Preloading 0 native plugins for Editor in 0.00 ms.
Mono: successfully reloaded assembly
- Completed reload, in  1.674 seconds
Domain Reload Profiling:
	ReloadAssembly (1675ms)
		BeginReloadAssembly (205ms)
			ExecutionOrderSort (0ms)
			DisableScriptedObjects (10ms)
			BackupInstance (0ms)
			ReleaseScriptingObjects (0ms)
			CreateAndSetChildDomain (43ms)
		EndReloadAssembly (1303ms)
			LoadAssemblies (140ms)
			RebuildTransferFunctionScriptingTraits (0ms)
			SetupTypeCache (322ms)
			ReleaseScriptCaches (1ms)
			RebuildScriptCaches (67ms)
			SetupLoadedEditorAssemblies (691ms)
				LogAssemblyErrors (0ms)
				InitializePlatformSupportModulesInManaged (26ms)
				SetLoadedEditorAssemblies (1ms)
				RefreshPlugins (1ms)
				BeforeProcessingInitializeOnLoad (141ms)
				ProcessInitializeOnLoadAttributes (423ms)
				ProcessInitializeOnLoadMethodAttributes (77ms)
				AfterProcessingInitializeOnLoad (22ms)
				EditorAssembliesLoaded (0ms)
			ExecutionOrderSort2 (0ms)
			AwakeInstancesAfterBackupRestoration (17ms)
Platform modules already initialized, skipping
Refreshing native plugins compatible for Editor in 4.26 ms, found 3 plugins.
Preloading 0 native plugins for Editor in 0.00 ms.
Unloading 2473 Unused Serialized files (Serialized files now loaded: 0)
Unloading 20 unused Assets / (24.6 KB). Loaded Objects now: 3016.
Memory consumption went from 116.2 MB to 116.2 MB.
Total: 4.464600 ms (FindLiveObjects: 0.244400 ms CreateObjectMapping: 0.092200 ms MarkObjects: 4.102000 ms  DeleteObjects: 0.024300 ms)

AssetImportParameters requested are different than current active one (requested -> active):
  custom:video-decoder-ogg-theora: a1e56fd34408186e4bbccfd4996cb3dc -> 
  custom:container-muxer-webm: aa71ff27fc2769a1b78a27578f13a17b -> 
  custom:container-demuxer-webm: 4f35f7cbe854078d1ac9338744f61a02 -> 
  custom:video-encoder-webm-vp8: eb34c28f22e8b96e1ab97ce403110664 -> 
  custom:audio-encoder-webm-vorbis: bf7c407c2cedff20999df2af8eb42d56 -> 
  custom:framework-win-MediaFoundation: 216162199b28c13a410421893ffa2e32 -> 
  custom:container-demuxer-ogg: 62fdf1f143b41e24485cea50d1cbac27 -> 
  custom:video-decoder-webm-vp8: 9c59270c3fd7afecdb556c50c9e8de78 -> 
  custom:audio-decoder-ogg-vorbis: bf7c407c2cedff20999df2af8eb42d56 -> 
